;  LST file generated by mikroListExporter - v.2.0 
; Date/Time: 10/7/2024 4:00:54 PM
;----------------------------------------------

;Address Opcode 	ASM
0x0000	0x2803      	GOTO       3
_main:
;Dot_Matrix_Display.c,1 :: 		void main() {
;Dot_Matrix_Display.c,2 :: 		TRISB = 0x00;
0x0003	0x1683      	BSF        STATUS, 5
0x0004	0x1303      	BCF        STATUS, 6
0x0005	0x0186      	CLRF       TRISB
;Dot_Matrix_Display.c,3 :: 		TRISD = 0x00;
0x0006	0x0188      	CLRF       TRISD
;Dot_Matrix_Display.c,5 :: 		while(1)
L_main0:
;Dot_Matrix_Display.c,7 :: 		PORTD = 1<<7;
0x0007	0x3080      	MOVLW      128
0x0008	0x1283      	BCF        STATUS, 5
0x0009	0x0088      	MOVWF      PORTD
;Dot_Matrix_Display.c,8 :: 		PORTB = 0x00;
0x000A	0x0186      	CLRF       PORTB
;Dot_Matrix_Display.c,9 :: 		Delay_us(100);
0x000B	0x3042      	MOVLW      66
0x000C	0x00FD      	MOVWF      R13
L_main2:
0x000D	0x0BFD      	DECFSZ     R13, 1
0x000E	0x280D      	GOTO       L_main2
0x000F	0x0000      	NOP
;Dot_Matrix_Display.c,11 :: 		PORTD = 1<<6;
0x0010	0x3040      	MOVLW      64
0x0011	0x0088      	MOVWF      PORTD
;Dot_Matrix_Display.c,12 :: 		PORTB = 0x00;
0x0012	0x0186      	CLRF       PORTB
;Dot_Matrix_Display.c,13 :: 		Delay_us(100);
0x0013	0x3042      	MOVLW      66
0x0014	0x00FD      	MOVWF      R13
L_main3:
0x0015	0x0BFD      	DECFSZ     R13, 1
0x0016	0x2815      	GOTO       L_main3
0x0017	0x0000      	NOP
;Dot_Matrix_Display.c,15 :: 		PORTD = 1<<5;
0x0018	0x3020      	MOVLW      32
0x0019	0x0088      	MOVWF      PORTD
;Dot_Matrix_Display.c,16 :: 		PORTB = 0x90;
0x001A	0x3090      	MOVLW      144
0x001B	0x0086      	MOVWF      PORTB
;Dot_Matrix_Display.c,17 :: 		Delay_us(100);
0x001C	0x3042      	MOVLW      66
0x001D	0x00FD      	MOVWF      R13
L_main4:
0x001E	0x0BFD      	DECFSZ     R13, 1
0x001F	0x281E      	GOTO       L_main4
0x0020	0x0000      	NOP
;Dot_Matrix_Display.c,19 :: 		PORTD = 1<<4;
0x0021	0x3010      	MOVLW      16
0x0022	0x0088      	MOVWF      PORTD
;Dot_Matrix_Display.c,20 :: 		PORTB = 0x90;
0x0023	0x3090      	MOVLW      144
0x0024	0x0086      	MOVWF      PORTB
;Dot_Matrix_Display.c,21 :: 		Delay_us(100);
0x0025	0x3042      	MOVLW      66
0x0026	0x00FD      	MOVWF      R13
L_main5:
0x0027	0x0BFD      	DECFSZ     R13, 1
0x0028	0x2827      	GOTO       L_main5
0x0029	0x0000      	NOP
;Dot_Matrix_Display.c,23 :: 		PORTD = 1<<3;
0x002A	0x3008      	MOVLW      8
0x002B	0x0088      	MOVWF      PORTD
;Dot_Matrix_Display.c,24 :: 		PORTB = 0x90;
0x002C	0x3090      	MOVLW      144
0x002D	0x0086      	MOVWF      PORTB
;Dot_Matrix_Display.c,25 :: 		Delay_us(100);
0x002E	0x3042      	MOVLW      66
0x002F	0x00FD      	MOVWF      R13
L_main6:
0x0030	0x0BFD      	DECFSZ     R13, 1
0x0031	0x2830      	GOTO       L_main6
0x0032	0x0000      	NOP
;Dot_Matrix_Display.c,27 :: 		PORTD = 1<<2;
0x0033	0x3004      	MOVLW      4
0x0034	0x0088      	MOVWF      PORTD
;Dot_Matrix_Display.c,28 :: 		PORTB = 0x90;
0x0035	0x3090      	MOVLW      144
0x0036	0x0086      	MOVWF      PORTB
;Dot_Matrix_Display.c,29 :: 		Delay_us(100);
0x0037	0x3042      	MOVLW      66
0x0038	0x00FD      	MOVWF      R13
L_main7:
0x0039	0x0BFD      	DECFSZ     R13, 1
0x003A	0x2839      	GOTO       L_main7
0x003B	0x0000      	NOP
;Dot_Matrix_Display.c,31 :: 		PORTD = 1<<1;
0x003C	0x3002      	MOVLW      2
0x003D	0x0088      	MOVWF      PORTD
;Dot_Matrix_Display.c,32 :: 		PORTB = 0xFF;
0x003E	0x30FF      	MOVLW      255
0x003F	0x0086      	MOVWF      PORTB
;Dot_Matrix_Display.c,33 :: 		Delay_us(100);
0x0040	0x3042      	MOVLW      66
0x0041	0x00FD      	MOVWF      R13
L_main8:
0x0042	0x0BFD      	DECFSZ     R13, 1
0x0043	0x2842      	GOTO       L_main8
0x0044	0x0000      	NOP
;Dot_Matrix_Display.c,35 :: 		PORTD = 1<<0;
0x0045	0x3001      	MOVLW      1
0x0046	0x0088      	MOVWF      PORTD
;Dot_Matrix_Display.c,36 :: 		PORTB = 0x00;
0x0047	0x0186      	CLRF       PORTB
;Dot_Matrix_Display.c,37 :: 		Delay_us(100);
0x0048	0x3042      	MOVLW      66
0x0049	0x00FD      	MOVWF      R13
L_main9:
0x004A	0x0BFD      	DECFSZ     R13, 1
0x004B	0x284A      	GOTO       L_main9
0x004C	0x0000      	NOP
;Dot_Matrix_Display.c,38 :: 		}
0x004D	0x2807      	GOTO       L_main0
;Dot_Matrix_Display.c,39 :: 		}
L_end_main:
0x004E	0x284E      	GOTO       $+0
; end of _main
Symbol List:
//** Routines locations **
//ADDRESS    SIZE    PROCEDURE
//----------------------------------------------
0x0003      [76]    _main
//** Variables locations ** 
//ADDRESS    SIZE    VARIABLE
//----------------------------------------------
0x0000       [1]    INDF
0x0003       [1]    STATUS
0x0004       [1]    FSR
0x0006       [1]    PORTB
0x0008       [1]    PORTD
0x000A       [1]    PCLATH
0x0020       [2]    ___DoICPAddr
0x0070       [1]    R0
0x0071       [1]    R1
0x0072       [1]    R2
0x0073       [1]    R3
0x0074       [1]    R4
0x0075       [1]    R5
0x0076       [1]    R6
0x0077       [1]    R7
0x0078       [1]    R8
0x0079       [1]    R9
0x007A       [1]    R10
0x007B       [1]    R11
0x007C       [1]    R12
0x007D       [1]    R13
0x007E       [1]    R14
0x007F       [1]    R15
0x0086       [1]    TRISB
0x0088       [1]    TRISD
